# JRE version: Java(TM) SE Runtime Environment (17.0.5+9) (build 17.0.5+9-LTS-191)
# Java VM: Java HotSpot(TM) 64-Bit Server VM (17.0.5+9-LTS-191, mixed mode, sharing, tiered, compressed oops, compressed class ptrs, g1 gc, windows-amd64)
GC Precious Log:
 CPUs: 8 total, 8 available
 Memory: 8013M
 Large Page Support: Disabled
 NUMA Support: Disabled
 Compressed Oops: Enabled (32-bit)
 Heap Region Size: 1M
 Heap Min Capacity: 8M
 Heap Initial Capacity: 126M
 Heap Max Capacity: 2004M
 Pre-touch: Disabled
 Parallel Workers: 8
 Concurrent Workers: 2
 Concurrent Refinement Workers: 8
 Periodic GC: Disabled
Heap:
 garbage-first heap   total 201728K, used 102084K [0x0000000082c00000, 0x0000000100000000)
  region size 1024K, 8 young (8192K), 1 survivors (1024K)
 Metaspace       used 44870K, committed 45184K, reserved 1089536K
  class space    used 4899K, committed 5056K, reserved 1048576K
GC Heap History (20 events):
Event: 2230.850 GC heap before
{Heap before GC invocations=481 (full 0):
 garbage-first heap   total 201728K, used 156660K [0x0000000082c00000, 0x0000000100000000)
  region size 1024K, 65 young (66560K), 9 survivors (9216K)
 Metaspace       used 44274K, committed 44608K, reserved 1089536K
  class space    used 4855K, committed 5056K, reserved 1048576K
}
Event: 2230.855 GC heap after
{Heap after GC invocations=482 (full 0):
 garbage-first heap   total 201728K, used 100313K [0x0000000082c00000, 0x0000000100000000)
  region size 1024K, 9 young (9216K), 9 survivors (9216K)
 Metaspace       used 44274K, committed 44608K, reserved 1089536K
  class space    used 4855K, committed 5056K, reserved 1048576K
}
Event: 2233.592 GC heap before
{Heap before GC invocations=482 (full 0):
 garbage-first heap   total 201728K, used 156633K [0x0000000082c00000, 0x0000000100000000)
  region size 1024K, 65 young (66560K), 9 survivors (9216K)
 Metaspace       used 44274K, committed 44608K, reserved 1089536K
  class space    used 4855K, committed 5056K, reserved 1048576K
}
Event: 2233.596 GC heap after
{Heap after GC invocations=483 (full 0):
 garbage-first heap   total 201728K, used 101252K [0x0000000082c00000, 0x0000000100000000)
  region size 1024K, 9 young (9216K), 9 survivors (9216K)
 Metaspace       used 44274K, committed 44608K, reserved 1089536K
  class space    used 4855K, committed 5056K, reserved 1048576K
}
Event: 2236.119 GC heap before
{Heap before GC invocations=483 (full 0):
 garbage-first heap   total 201728K, used 157572K [0x0000000082c00000, 0x0000000100000000)
  region size 1024K, 64 young (65536K), 9 survivors (9216K)
 Metaspace       used 44274K, committed 44608K, reserved 1089536K
  class space    used 4855K, committed 5056K, reserved 1048576K
}
Event: 2236.123 GC heap after
{Heap after GC invocations=484 (full 0):
 garbage-first heap   total 201728K, used 101993K [0x0000000082c00000, 0x0000000100000000)
  region size 1024K, 8 young (8192K), 8 survivors (8192K)
 Metaspace       used 44274K, committed 44608K, reserved 1089536K
  class space    used 4855K, committed 5056K, reserved 1048576K
}
Event: 2238.680 GC heap before
{Heap before GC invocations=484 (full 0):
 garbage-first heap   total 201728K, used 156265K [0x0000000082c00000, 0x0000000100000000)
  region size 1024K, 62 young (63488K), 8 survivors (8192K)
 Metaspace       used 44274K, committed 44608K, reserved 1089536K
  class space    used 4855K, committed 5056K, reserved 1048576K
}
Event: 2238.685 GC heap after
{Heap after GC invocations=485 (full 0):
 garbage-first heap   total 201728K, used 103715K [0x0000000082c00000, 0x0000000100000000)
  region size 1024K, 8 young (8192K), 8 survivors (8192K)
 Metaspace       used 44274K, committed 44608K, reserved 1089536K
  class space    used 4855K, committed 5056K, reserved 1048576K
}
Event: 2241.181 GC heap before
{Heap before GC invocations=485 (full 0):
 garbage-first heap   total 201728K, used 156963K [0x0000000082c00000, 0x0000000100000000)
  region size 1024K, 61 young (62464K), 8 survivors (8192K)
 Metaspace       used 44617K, committed 44928K, reserved 1089536K
  class space    used 4898K, committed 5056K, reserved 1048576K
}
Event: 2241.186 GC heap after
{Heap after GC invocations=486 (full 0):
 garbage-first heap   total 201728K, used 104435K [0x0000000082c00000, 0x0000000100000000)
  region size 1024K, 8 young (8192K), 8 survivors (8192K)
 Metaspace       used 44617K, committed 44928K, reserved 1089536K
  class space    used 4898K, committed 5056K, reserved 1048576K
}
Event: 2241.484 GC heap before
{Heap before GC invocations=486 (full 0):
 garbage-first heap   total 201728K, used 157683K [0x0000000082c00000, 0x0000000100000000)
  region size 1024K, 61 young (62464K), 8 survivors (8192K)
 Metaspace       used 44690K, committed 45056K, reserved 1089536K
  class space    used 4899K, committed 5056K, reserved 1048576K
}
Event: 2241.485 GC heap after
{Heap after GC invocations=487 (full 0):
 garbage-first heap   total 201728K, used 98188K [0x0000000082c00000, 0x0000000100000000)
  region size 1024K, 2 young (2048K), 2 survivors (2048K)
 Metaspace       used 44690K, committed 45056K, reserved 1089536K
  class space    used 4899K, committed 5056K, reserved 1048576K
}
Event: 2241.701 GC heap before
{Heap before GC invocations=487 (full 0):
 garbage-first heap   total 201728K, used 158604K [0x0000000082c00000, 0x0000000100000000)
  region size 1024K, 62 young (63488K), 2 survivors (2048K)
 Metaspace       used 44723K, committed 45056K, reserved 1089536K
  class space    used 4899K, committed 5056K, reserved 1048576K
}
Event: 2241.702 GC heap after
{Heap after GC invocations=488 (full 0):
 garbage-first heap   total 201728K, used 97284K [0x0000000082c00000, 0x0000000100000000)
  region size 1024K, 1 young (1024K), 1 survivors (1024K)
 Metaspace       used 44723K, committed 45056K, reserved 1089536K
  class space    used 4899K, committed 5056K, reserved 1048576K
}
Event: 2241.859 GC heap before
{Heap before GC invocations=488 (full 0):
 garbage-first heap   total 201728K, used 162820K [0x0000000082c00000, 0x0000000100000000)
  region size 1024K, 66 young (67584K), 1 survivors (1024K)
 Metaspace       used 44801K, committed 45120K, reserved 1089536K
  class space    used 4899K, committed 5056K, reserved 1048576K
}
Event: 2241.860 GC heap after
{Heap after GC invocations=489 (full 0):
 garbage-first heap   total 201728K, used 97086K [0x0000000082c00000, 0x0000000100000000)
  region size 1024K, 1 young (1024K), 1 survivors (1024K)
 Metaspace       used 44801K, committed 45120K, reserved 1089536K
  class space    used 4899K, committed 5056K, reserved 1048576K
}
Event: 2242.014 GC heap before
{Heap before GC invocations=489 (full 0):
 garbage-first heap   total 201728K, used 165694K [0x0000000082c00000, 0x0000000100000000)
  region size 1024K, 69 young (70656K), 1 survivors (1024K)
 Metaspace       used 44838K, committed 45120K, reserved 1089536K
  class space    used 4899K, committed 5056K, reserved 1048576K
}
Event: 2242.015 GC heap after
{Heap after GC invocations=490 (full 0):
 garbage-first heap   total 201728K, used 97138K [0x0000000082c00000, 0x0000000100000000)
  region size 1024K, 1 young (1024K), 1 survivors (1024K)
 Metaspace       used 44838K, committed 45120K, reserved 1089536K
  class space    used 4899K, committed 5056K, reserved 1048576K
}
Event: 2242.186 GC heap before
{Heap before GC invocations=490 (full 0):
 garbage-first heap   total 201728K, used 167794K [0x0000000082c00000, 0x0000000100000000)
  region size 1024K, 71 young (72704K), 1 survivors (1024K)
 Metaspace       used 44870K, committed 45184K, reserved 1089536K
  class space    used 4899K, committed 5056K, reserved 1048576K
}
Event: 2242.187 GC heap after
{Heap after GC invocations=491 (full 0):
 garbage-first heap   total 201728K, used 96964K [0x0000000082c00000, 0x0000000100000000)
  region size 1024K, 1 young (1024K), 1 survivors (1024K)
 Metaspace       used 44870K, committed 45184K, reserved 1089536K
  class space    used 4899K, committed 5056K, reserved 1048576K
}

